[ 2018-06-08T14:28:50+08:00 ] ::1 /thinkphp/
INFO: [ app_init ] --START--
INFO: Run Behavior\BuildLiteBehavior [ RunTime:0.000000s ]
INFO: [ app_init ] --END-- [ RunTime:0.033002s ]
INFO: [ app_begin ] --START--
INFO: Run Behavior\ReadHtmlCacheBehavior [ RunTime:0.022001s ]
INFO: [ app_begin ] --END-- [ RunTime:0.023001s ]
INFO: [ view_parse ] --START--
INFO: [ template_filter ] --START--
INFO: Run Behavior\ContentReplaceBehavior [ RunTime:0.025002s ]
INFO: [ template_filter ] --END-- [ RunTime:0.025002s ]
NOTIC: [8] Undefined variable: data D:\wamp\www\thinkphp\Application\Runtime\Cache\Home\2a94b8bda04ff446dcedd42276fc99ee.php 第 15 行.
INFO: Run Behavior\ParseTemplateBehavior [ RunTime:0.140008s ]
INFO: [ view_parse ] --END-- [ RunTime:0.140008s ]
INFO: [ view_filter ] --START--
INFO: Run Behavior\WriteHtmlCacheBehavior [ RunTime:0.015001s ]
INFO: [ view_filter ] --END-- [ RunTime:0.016001s ]
INFO: [ app_end ] --START--
INFO: Run Behavior\ShowPageTraceBehavior [ RunTime:0.009000s ]
INFO: [ app_end ] --END-- [ RunTime:0.009000s ]

[ 2018-06-08T14:28:50+08:00 ] ::1 /thinkphp/index.php/Home/Index/img.html
INFO: [ app_init ] --START--
INFO: Run Behavior\BuildLiteBehavior [ RunTime:0.000000s ]
INFO: [ app_init ] --END-- [ RunTime:0.002000s ]
INFO: [ app_begin ] --START--
INFO: Run Behavior\ReadHtmlCacheBehavior [ RunTime:0.001000s ]
INFO: [ app_begin ] --END-- [ RunTime:0.001000s ]
INFO: [ app_end ] --START--
INFO: Run Behavior\ShowPageTraceBehavior [ RunTime:0.001000s ]
INFO: [ app_end ] --END-- [ RunTime:0.002000s ]

[ 2018-06-08T14:28:50+08:00 ] ::1 /thinkphp/
INFO: [ app_init ] --START--
INFO: Run Behavior\BuildLiteBehavior [ RunTime:0.000000s ]
INFO: [ app_init ] --END-- [ RunTime:0.001000s ]
INFO: [ app_begin ] --START--
INFO: Run Behavior\ReadHtmlCacheBehavior [ RunTime:0.001000s ]
INFO: [ app_begin ] --END-- [ RunTime:0.001000s ]
INFO: [ view_parse ] --START--
INFO: [ template_filter ] --START--
INFO: Run Behavior\ContentReplaceBehavior [ RunTime:0.000000s ]
INFO: [ template_filter ] --END-- [ RunTime:0.001000s ]
NOTIC: [8] Undefined variable: data D:\wamp\www\thinkphp\Application\Runtime\Cache\Home\2a94b8bda04ff446dcedd42276fc99ee.php 第 15 行.
INFO: Run Behavior\ParseTemplateBehavior [ RunTime:0.025001s ]
INFO: [ view_parse ] --END-- [ RunTime:0.026001s ]
INFO: [ view_filter ] --START--
INFO: Run Behavior\WriteHtmlCacheBehavior [ RunTime:0.001000s ]
INFO: [ view_filter ] --END-- [ RunTime:0.001000s ]
INFO: [ app_end ] --START--
INFO: Run Behavior\ShowPageTraceBehavior [ RunTime:0.001000s ]
INFO: [ app_end ] --END-- [ RunTime:0.002001s ]

[ 2018-06-08T14:28:50+08:00 ] ::1 /thinkphp/index.php/Home/Index/img.html
INFO: [ app_init ] --START--
INFO: Run Behavior\BuildLiteBehavior [ RunTime:0.000000s ]
INFO: [ app_init ] --END-- [ RunTime:0.001000s ]
INFO: [ app_begin ] --START--
INFO: Run Behavior\ReadHtmlCacheBehavior [ RunTime:0.001000s ]
INFO: [ app_begin ] --END-- [ RunTime:0.001000s ]
INFO: [ app_end ] --START--
INFO: Run Behavior\ShowPageTraceBehavior [ RunTime:0.001000s ]
INFO: [ app_end ] --END-- [ RunTime:0.002000s ]

[ 2018-06-08T14:28:55+08:00 ] ::1 /thinkphp/index.php/Home/index/select
INFO: [ app_init ] --START--
INFO: Run Behavior\BuildLiteBehavior [ RunTime:0.000000s ]
INFO: [ app_init ] --END-- [ RunTime:0.001000s ]
INFO: [ app_begin ] --START--
INFO: Run Behavior\ReadHtmlCacheBehavior [ RunTime:0.001000s ]
INFO: [ app_begin ] --END-- [ RunTime:0.002000s ]
SQL: SHOW COLUMNS FROM `student` [ RunTime:0.0400s ]
SQL: SELECT * FROM `student` WHERE ( id=132 ) LIMIT 1   [ RunTime:0.0010s ]
SQL: SELECT * FROM `student` ORDER BY `id` desc LIMIT 5   [ RunTime:0.0020s ]
SQL: SELECT * FROM `student` WHERE ( num=2 ) LIMIT 2   [ RunTime:0.0010s ]
INFO: [ app_end ] --START--
INFO: Run Behavior\ShowPageTraceBehavior [ RunTime:0.002000s ]
INFO: [ app_end ] --END-- [ RunTime:0.002000s ]

[ 2018-06-08T14:29:12+08:00 ] ::1 /thinkphp/index.php/Home/index/select
INFO: [ app_init ] --START--
INFO: Run Behavior\BuildLiteBehavior [ RunTime:0.000000s ]
INFO: [ app_init ] --END-- [ RunTime:0.001000s ]
INFO: [ app_begin ] --START--
INFO: Run Behavior\ReadHtmlCacheBehavior [ RunTime:0.001000s ]
INFO: [ app_begin ] --END-- [ RunTime:0.001000s ]
SQL: SHOW COLUMNS FROM `student` [ RunTime:0.0060s ]
SQL: SELECT * FROM `student` WHERE ( id=132 ) LIMIT 1   [ RunTime:0.0000s ]
SQL: SELECT * FROM `student` ORDER BY `id` desc LIMIT 5   [ RunTime:0.0010s ]
SQL: SELECT * FROM `student` WHERE ( num=2 ) LIMIT 2   [ RunTime:0.0010s ]
INFO: [ app_end ] --START--
INFO: Run Behavior\ShowPageTraceBehavior [ RunTime:0.001000s ]
INFO: [ app_end ] --END-- [ RunTime:0.002000s ]

[ 2018-06-08T14:29:52+08:00 ] ::1 /thinkphp/index.php/Home/index/select
INFO: [ app_init ] --START--
INFO: Run Behavior\BuildLiteBehavior [ RunTime:0.000000s ]
INFO: [ app_init ] --END-- [ RunTime:0.001000s ]
INFO: [ app_begin ] --START--
INFO: Run Behavior\ReadHtmlCacheBehavior [ RunTime:0.002000s ]
INFO: [ app_begin ] --END-- [ RunTime:0.002000s ]
SQL: SHOW COLUMNS FROM `student` [ RunTime:0.0080s ]
SQL: SELECT * FROM `student` WHERE ( id=132 ) LIMIT 1   [ RunTime:0.0010s ]
SQL: SELECT * FROM `student` ORDER BY `id` desc LIMIT 5   [ RunTime:0.0000s ]
SQL: SELECT * FROM `student` WHERE ( num=2 ) LIMIT 2   [ RunTime:0.0000s ]
INFO: [ app_end ] --START--
INFO: Run Behavior\ShowPageTraceBehavior [ RunTime:0.001000s ]
INFO: [ app_end ] --END-- [ RunTime:0.002000s ]

[ 2018-06-08T14:30:04+08:00 ] ::1 /thinkphp/index.php/Home/index/select
INFO: [ app_init ] --START--
INFO: Run Behavior\BuildLiteBehavior [ RunTime:0.000000s ]
INFO: [ app_init ] --END-- [ RunTime:0.001000s ]
INFO: [ app_begin ] --START--
INFO: Run Behavior\ReadHtmlCacheBehavior [ RunTime:0.001000s ]
INFO: [ app_begin ] --END-- [ RunTime:0.001000s ]
SQL: SHOW COLUMNS FROM `student` [ RunTime:0.0060s ]
SQL: SELECT * FROM `student` WHERE ( id=132 ) LIMIT 1   [ RunTime:0.0010s ]
SQL: SELECT * FROM `student` ORDER BY `id` desc LIMIT 5   [ RunTime:0.0010s ]
SQL: SELECT * FROM `student` WHERE ( num=2 ) LIMIT 2   [ RunTime:0.0010s ]
INFO: [ app_end ] --START--
INFO: Run Behavior\ShowPageTraceBehavior [ RunTime:0.001000s ]
INFO: [ app_end ] --END-- [ RunTime:0.002000s ]

[ 2018-06-08T14:30:27+08:00 ] ::1 /thinkphp/index.php/Home/index/select
INFO: [ app_init ] --START--
INFO: Run Behavior\BuildLiteBehavior [ RunTime:0.000000s ]
INFO: [ app_init ] --END-- [ RunTime:0.001000s ]
INFO: [ app_begin ] --START--
INFO: Run Behavior\ReadHtmlCacheBehavior [ RunTime:0.001000s ]
INFO: [ app_begin ] --END-- [ RunTime:0.001000s ]
SQL: SHOW COLUMNS FROM `student` [ RunTime:0.0060s ]
SQL: SELECT * FROM `student` WHERE ( id=132 ) LIMIT 1   [ RunTime:0.0010s ]
SQL: SELECT * FROM `student` ORDER BY `id` desc LIMIT 5   [ RunTime:0.0000s ]
SQL: SELECT * FROM `student` WHERE ( num=2 ) LIMIT 2   [ RunTime:0.0000s ]
INFO: [ app_end ] --START--
INFO: Run Behavior\ShowPageTraceBehavior [ RunTime:0.001000s ]
INFO: [ app_end ] --END-- [ RunTime:0.002000s ]

[ 2018-06-08T14:30:42+08:00 ] ::1 /thinkphp/index.php/Home/index/select
INFO: [ app_init ] --START--
INFO: Run Behavior\BuildLiteBehavior [ RunTime:0.000000s ]
INFO: [ app_init ] --END-- [ RunTime:0.002000s ]
INFO: [ app_begin ] --START--
INFO: Run Behavior\ReadHtmlCacheBehavior [ RunTime:0.001000s ]
INFO: [ app_begin ] --END-- [ RunTime:0.001000s ]
SQL: SHOW COLUMNS FROM `student` [ RunTime:0.0070s ]
SQL: SELECT * FROM `student` WHERE ( id=132 ) LIMIT 1   [ RunTime:0.0010s ]
SQL: SELECT * FROM `student` ORDER BY `id` desc LIMIT 5   [ RunTime:0.0010s ]
SQL: SELECT * FROM `student` WHERE ( num=2 ) LIMIT 2   [ RunTime:0.0010s ]
INFO: [ app_end ] --START--
INFO: Run Behavior\ShowPageTraceBehavior [ RunTime:0.001000s ]
INFO: [ app_end ] --END-- [ RunTime:0.002000s ]

[ 2018-06-08T14:31:12+08:00 ] ::1 /thinkphp/index.php/Home/index/select
INFO: [ app_init ] --START--
INFO: Run Behavior\BuildLiteBehavior [ RunTime:0.000000s ]
INFO: [ app_init ] --END-- [ RunTime:0.001000s ]
INFO: [ app_begin ] --START--
INFO: Run Behavior\ReadHtmlCacheBehavior [ RunTime:0.002000s ]
INFO: [ app_begin ] --END-- [ RunTime:0.002000s ]
SQL: SHOW COLUMNS FROM `student` [ RunTime:0.0060s ]
SQL: SELECT * FROM `student` WHERE ( id=132 ) LIMIT 1   [ RunTime:0.0010s ]
SQL: SELECT * FROM `student` ORDER BY `id` desc LIMIT 5   [ RunTime:0.0000s ]
SQL: SELECT * FROM `student` WHERE ( num=2 ) LIMIT 2   [ RunTime:0.0010s ]
NOTIC: [8] Array to string conversion D:\wamp\www\thinkphp\Application\Home\Controller\IndexController.class.php 第 82 行.
NOTIC: [8] Array to string conversion D:\wamp\www\thinkphp\Application\Home\Controller\IndexController.class.php 第 82 行.
NOTIC: [8] Array to string conversion D:\wamp\www\thinkphp\Application\Home\Controller\IndexController.class.php 第 82 行.
NOTIC: [8] Array to string conversion D:\wamp\www\thinkphp\Application\Home\Controller\IndexController.class.php 第 82 行.
NOTIC: [8] Array to string conversion D:\wamp\www\thinkphp\Application\Home\Controller\IndexController.class.php 第 82 行.
INFO: [ app_end ] --START--
INFO: Run Behavior\ShowPageTraceBehavior [ RunTime:0.001000s ]
INFO: [ app_end ] --END-- [ RunTime:0.001000s ]

[ 2018-06-08T14:31:26+08:00 ] ::1 /thinkphp/index.php/Home/index/select
INFO: [ app_init ] --START--
INFO: Run Behavior\BuildLiteBehavior [ RunTime:0.000000s ]
INFO: [ app_init ] --END-- [ RunTime:0.001000s ]
INFO: [ app_begin ] --START--
INFO: Run Behavior\ReadHtmlCacheBehavior [ RunTime:0.001000s ]
INFO: [ app_begin ] --END-- [ RunTime:0.002000s ]
SQL: SHOW COLUMNS FROM `student` [ RunTime:0.0050s ]
SQL: SELECT * FROM `student` WHERE ( id=132 ) LIMIT 1   [ RunTime:0.0000s ]
SQL: SELECT * FROM `student` ORDER BY `id` desc LIMIT 5   [ RunTime:0.0010s ]
SQL: SELECT * FROM `student` WHERE ( num=2 ) LIMIT 2   [ RunTime:0.0010s ]
NOTIC: [8] Array to string conversion D:\wamp\www\thinkphp\Application\Home\Controller\IndexController.class.php 第 78 行.
NOTIC: [8] Array to string conversion D:\wamp\www\thinkphp\Application\Home\Controller\IndexController.class.php 第 83 行.
NOTIC: [8] Array to string conversion D:\wamp\www\thinkphp\Application\Home\Controller\IndexController.class.php 第 83 行.
NOTIC: [8] Array to string conversion D:\wamp\www\thinkphp\Application\Home\Controller\IndexController.class.php 第 83 行.
NOTIC: [8] Array to string conversion D:\wamp\www\thinkphp\Application\Home\Controller\IndexController.class.php 第 83 行.
NOTIC: [8] Array to string conversion D:\wamp\www\thinkphp\Application\Home\Controller\IndexController.class.php 第 83 行.
INFO: [ app_end ] --START--
INFO: Run Behavior\ShowPageTraceBehavior [ RunTime:0.001000s ]
INFO: [ app_end ] --END-- [ RunTime:0.002000s ]

[ 2018-06-08T14:31:40+08:00 ] ::1 /thinkphp/index.php/Home/index/select
INFO: [ app_init ] --START--
INFO: Run Behavior\BuildLiteBehavior [ RunTime:0.000000s ]
INFO: [ app_init ] --END-- [ RunTime:0.001000s ]
INFO: [ app_begin ] --START--
INFO: Run Behavior\ReadHtmlCacheBehavior [ RunTime:0.001001s ]
INFO: [ app_begin ] --END-- [ RunTime:0.002001s ]
SQL: SHOW COLUMNS FROM `student` [ RunTime:0.0060s ]
SQL: SELECT * FROM `student` WHERE ( id=132 ) LIMIT 1   [ RunTime:0.0010s ]
SQL: SELECT * FROM `student` ORDER BY `id` desc LIMIT 5   [ RunTime:0.0010s ]
SQL: SELECT * FROM `student` WHERE ( num=2 ) LIMIT 2   [ RunTime:0.0010s ]
NOTIC: [8] Array to string conversion D:\wamp\www\thinkphp\Application\Home\Controller\IndexController.class.php 第 83 行.
NOTIC: [8] Array to string conversion D:\wamp\www\thinkphp\Application\Home\Controller\IndexController.class.php 第 83 行.
NOTIC: [8] Array to string conversion D:\wamp\www\thinkphp\Application\Home\Controller\IndexController.class.php 第 83 行.
NOTIC: [8] Array to string conversion D:\wamp\www\thinkphp\Application\Home\Controller\IndexController.class.php 第 83 行.
NOTIC: [8] Array to string conversion D:\wamp\www\thinkphp\Application\Home\Controller\IndexController.class.php 第 83 行.
INFO: [ app_end ] --START--
INFO: Run Behavior\ShowPageTraceBehavior [ RunTime:0.001000s ]
INFO: [ app_end ] --END-- [ RunTime:0.002000s ]

[ 2018-06-08T14:32:09+08:00 ] ::1 /thinkphp/index.php/Home/index/select
INFO: [ app_init ] --START--
INFO: Run Behavior\BuildLiteBehavior [ RunTime:0.000000s ]
INFO: [ app_init ] --END-- [ RunTime:0.001000s ]
INFO: [ app_begin ] --START--
INFO: Run Behavior\ReadHtmlCacheBehavior [ RunTime:0.001000s ]
INFO: [ app_begin ] --END-- [ RunTime:0.001000s ]
SQL: SHOW COLUMNS FROM `student` [ RunTime:0.0060s ]
SQL: SELECT * FROM `student` WHERE ( id=132 ) LIMIT 1   [ RunTime:0.0010s ]
SQL: SELECT * FROM `student` ORDER BY `id` desc LIMIT 5   [ RunTime:0.0010s ]
SQL: SELECT * FROM `student` WHERE ( num=2 ) LIMIT 2   [ RunTime:0.0010s ]
NOTIC: [8] Array to string conversion D:\wamp\www\thinkphp\Application\Home\Controller\IndexController.class.php 第 83 行.
NOTIC: [8] Array to string conversion D:\wamp\www\thinkphp\Application\Home\Controller\IndexController.class.php 第 83 行.
NOTIC: [8] Array to string conversion D:\wamp\www\thinkphp\Application\Home\Controller\IndexController.class.php 第 83 行.
NOTIC: [8] Array to string conversion D:\wamp\www\thinkphp\Application\Home\Controller\IndexController.class.php 第 83 行.
NOTIC: [8] Array to string conversion D:\wamp\www\thinkphp\Application\Home\Controller\IndexController.class.php 第 83 行.
INFO: [ app_end ] --START--
INFO: Run Behavior\ShowPageTraceBehavior [ RunTime:0.001000s ]
INFO: [ app_end ] --END-- [ RunTime:0.002000s ]

[ 2018-06-08T14:32:22+08:00 ] ::1 /thinkphp/index.php/Home/index/select
INFO: [ app_init ] --START--
INFO: Run Behavior\BuildLiteBehavior [ RunTime:0.000000s ]
INFO: [ app_init ] --END-- [ RunTime:0.001000s ]
INFO: [ app_begin ] --START--
INFO: Run Behavior\ReadHtmlCacheBehavior [ RunTime:0.001000s ]
INFO: [ app_begin ] --END-- [ RunTime:0.001000s ]
SQL: SHOW COLUMNS FROM `student` [ RunTime:0.0050s ]
SQL: SELECT * FROM `student` WHERE ( id=132 ) LIMIT 1   [ RunTime:0.0000s ]
SQL: SELECT * FROM `student` ORDER BY `id` desc LIMIT 5   [ RunTime:0.0010s ]
SQL: SELECT * FROM `student` WHERE ( num=2 ) LIMIT 2   [ RunTime:0.0010s ]
INFO: [ app_end ] --START--
INFO: Run Behavior\ShowPageTraceBehavior [ RunTime:0.002000s ]
INFO: [ app_end ] --END-- [ RunTime:0.002000s ]

[ 2018-06-08T14:32:44+08:00 ] ::1 /thinkphp/index.php/Home/index/select
INFO: [ app_init ] --START--
INFO: Run Behavior\BuildLiteBehavior [ RunTime:0.000000s ]
INFO: [ app_init ] --END-- [ RunTime:0.001000s ]
INFO: [ app_begin ] --START--
INFO: Run Behavior\ReadHtmlCacheBehavior [ RunTime:0.001000s ]
INFO: [ app_begin ] --END-- [ RunTime:0.002000s ]
SQL: SHOW COLUMNS FROM `student` [ RunTime:0.0060s ]
SQL: SELECT * FROM `student` WHERE ( id=132 ) LIMIT 1   [ RunTime:0.0010s ]
SQL: SELECT * FROM `student` ORDER BY `id` desc LIMIT 5   [ RunTime:0.0000s ]
SQL: SELECT * FROM `student` WHERE ( num=2 ) LIMIT 2   [ RunTime:0.0010s ]
INFO: [ app_end ] --START--
INFO: Run Behavior\ShowPageTraceBehavior [ RunTime:0.001001s ]
INFO: [ app_end ] --END-- [ RunTime:0.002001s ]

[ 2018-06-08T14:32:45+08:00 ] ::1 /thinkphp/index.php/Home/index/select
INFO: [ app_init ] --START--
INFO: Run Behavior\BuildLiteBehavior [ RunTime:0.000000s ]
INFO: [ app_init ] --END-- [ RunTime:0.001000s ]
INFO: [ app_begin ] --START--
INFO: Run Behavior\ReadHtmlCacheBehavior [ RunTime:0.001000s ]
INFO: [ app_begin ] --END-- [ RunTime:0.001000s ]
SQL: SHOW COLUMNS FROM `student` [ RunTime:0.0050s ]
SQL: SELECT * FROM `student` WHERE ( id=132 ) LIMIT 1   [ RunTime:0.0000s ]
SQL: SELECT * FROM `student` ORDER BY `id` desc LIMIT 5   [ RunTime:0.0010s ]
SQL: SELECT * FROM `student` WHERE ( num=2 ) LIMIT 2   [ RunTime:0.0010s ]
INFO: [ app_end ] --START--
INFO: Run Behavior\ShowPageTraceBehavior [ RunTime:0.001000s ]
INFO: [ app_end ] --END-- [ RunTime:0.001000s ]

[ 2018-06-08T14:32:58+08:00 ] ::1 /thinkphp/index.php/Home/index/select
INFO: [ app_init ] --START--
INFO: Run Behavior\BuildLiteBehavior [ RunTime:0.000000s ]
INFO: [ app_init ] --END-- [ RunTime:0.001000s ]
INFO: [ app_begin ] --START--
INFO: Run Behavior\ReadHtmlCacheBehavior [ RunTime:0.001000s ]
INFO: [ app_begin ] --END-- [ RunTime:0.001000s ]
SQL: SHOW COLUMNS FROM `student` [ RunTime:0.0060s ]
SQL: SELECT * FROM `student` WHERE ( id=132 ) LIMIT 1   [ RunTime:0.0010s ]
SQL: SELECT * FROM `student` ORDER BY `id` desc LIMIT 5   [ RunTime:0.0010s ]
SQL: SELECT * FROM `student` WHERE ( num=2 ) LIMIT 2   [ RunTime:0.0010s ]
NOTIC: [8] Use of undefined constant id - assumed 'id' D:\wamp\www\thinkphp\Application\Home\Controller\IndexController.class.php 第 83 行.
NOTIC: [8] Use of undefined constant id - assumed 'id' D:\wamp\www\thinkphp\Application\Home\Controller\IndexController.class.php 第 83 行.
NOTIC: [8] Use of undefined constant id - assumed 'id' D:\wamp\www\thinkphp\Application\Home\Controller\IndexController.class.php 第 83 行.
NOTIC: [8] Use of undefined constant id - assumed 'id' D:\wamp\www\thinkphp\Application\Home\Controller\IndexController.class.php 第 83 行.
NOTIC: [8] Use of undefined constant id - assumed 'id' D:\wamp\www\thinkphp\Application\Home\Controller\IndexController.class.php 第 83 行.
INFO: [ app_end ] --START--
INFO: Run Behavior\ShowPageTraceBehavior [ RunTime:0.001000s ]
INFO: [ app_end ] --END-- [ RunTime:0.001000s ]

[ 2018-06-08T14:33:04+08:00 ] ::1 /thinkphp/index.php/Home/index/select
INFO: [ app_init ] --START--
INFO: Run Behavior\BuildLiteBehavior [ RunTime:0.000000s ]
INFO: [ app_init ] --END-- [ RunTime:0.001000s ]
INFO: [ app_begin ] --START--
INFO: Run Behavior\ReadHtmlCacheBehavior [ RunTime:0.001000s ]
INFO: [ app_begin ] --END-- [ RunTime:0.001000s ]
SQL: SHOW COLUMNS FROM `student` [ RunTime:0.0060s ]
SQL: SELECT * FROM `student` WHERE ( id=132 ) LIMIT 1   [ RunTime:0.0000s ]
SQL: SELECT * FROM `student` ORDER BY `id` desc LIMIT 5   [ RunTime:0.0010s ]
SQL: SELECT * FROM `student` WHERE ( num=2 ) LIMIT 2   [ RunTime:0.0010s ]
NOTIC: [8] Use of undefined constant id - assumed 'id' D:\wamp\www\thinkphp\Application\Home\Controller\IndexController.class.php 第 83 行.
NOTIC: [8] Use of undefined constant id - assumed 'id' D:\wamp\www\thinkphp\Application\Home\Controller\IndexController.class.php 第 83 行.
NOTIC: [8] Use of undefined constant id - assumed 'id' D:\wamp\www\thinkphp\Application\Home\Controller\IndexController.class.php 第 83 行.
NOTIC: [8] Use of undefined constant id - assumed 'id' D:\wamp\www\thinkphp\Application\Home\Controller\IndexController.class.php 第 83 行.
NOTIC: [8] Use of undefined constant id - assumed 'id' D:\wamp\www\thinkphp\Application\Home\Controller\IndexController.class.php 第 83 行.
INFO: [ app_end ] --START--
INFO: Run Behavior\ShowPageTraceBehavior [ RunTime:0.001000s ]
INFO: [ app_end ] --END-- [ RunTime:0.002000s ]

[ 2018-06-08T14:33:08+08:00 ] ::1 /thinkphp/index.php/Home/index/select
INFO: [ app_init ] --START--
INFO: Run Behavior\BuildLiteBehavior [ RunTime:0.000000s ]
INFO: [ app_init ] --END-- [ RunTime:0.001000s ]
INFO: [ app_begin ] --START--
INFO: Run Behavior\ReadHtmlCacheBehavior [ RunTime:0.001000s ]
INFO: [ app_begin ] --END-- [ RunTime:0.002000s ]
SQL: SHOW COLUMNS FROM `student` [ RunTime:0.0060s ]
SQL: SELECT * FROM `student` WHERE ( id=132 ) LIMIT 1   [ RunTime:0.0010s ]
SQL: SELECT * FROM `student` ORDER BY `id` desc LIMIT 5   [ RunTime:0.0010s ]
SQL: SELECT * FROM `student` WHERE ( num=2 ) LIMIT 2   [ RunTime:0.0000s ]
NOTIC: [8] Use of undefined constant id - assumed 'id' D:\wamp\www\thinkphp\Application\Home\Controller\IndexController.class.php 第 83 行.
NOTIC: [8] Use of undefined constant id - assumed 'id' D:\wamp\www\thinkphp\Application\Home\Controller\IndexController.class.php 第 83 行.
NOTIC: [8] Use of undefined constant id - assumed 'id' D:\wamp\www\thinkphp\Application\Home\Controller\IndexController.class.php 第 83 行.
NOTIC: [8] Use of undefined constant id - assumed 'id' D:\wamp\www\thinkphp\Application\Home\Controller\IndexController.class.php 第 83 行.
NOTIC: [8] Use of undefined constant id - assumed 'id' D:\wamp\www\thinkphp\Application\Home\Controller\IndexController.class.php 第 83 行.
INFO: [ app_end ] --START--
INFO: Run Behavior\ShowPageTraceBehavior [ RunTime:0.001000s ]
INFO: [ app_end ] --END-- [ RunTime:0.001000s ]

[ 2018-06-08T14:33:43+08:00 ] ::1 /thinkphp/index.php/Home/index/select
INFO: [ app_init ] --START--
INFO: Run Behavior\BuildLiteBehavior [ RunTime:0.000000s ]
INFO: [ app_init ] --END-- [ RunTime:0.001000s ]
INFO: [ app_begin ] --START--
INFO: Run Behavior\ReadHtmlCacheBehavior [ RunTime:0.001000s ]
INFO: [ app_begin ] --END-- [ RunTime:0.002000s ]
SQL: SHOW COLUMNS FROM `student` [ RunTime:0.0060s ]
SQL: SELECT * FROM `student` WHERE ( id=132 ) LIMIT 1   [ RunTime:0.0000s ]
SQL: SELECT * FROM `student` ORDER BY `id` desc LIMIT 5   [ RunTime:0.0010s ]
SQL: SELECT * FROM `student` WHERE ( num=2 ) LIMIT 2   [ RunTime:0.0000s ]
INFO: [ app_end ] --START--
INFO: Run Behavior\ShowPageTraceBehavior [ RunTime:0.001000s ]
INFO: [ app_end ] --END-- [ RunTime:0.002000s ]

[ 2018-06-08T14:34:10+08:00 ] ::1 /thinkphp/index.php/Home/index/select
INFO: [ app_init ] --START--
INFO: Run Behavior\BuildLiteBehavior [ RunTime:0.000000s ]
INFO: [ app_init ] --END-- [ RunTime:0.001000s ]
INFO: [ app_begin ] --START--
INFO: Run Behavior\ReadHtmlCacheBehavior [ RunTime:0.002000s ]
INFO: [ app_begin ] --END-- [ RunTime:0.002000s ]
SQL: SHOW COLUMNS FROM `student` [ RunTime:0.0070s ]
SQL: SELECT * FROM `student` WHERE ( id=132 ) LIMIT 1   [ RunTime:0.0010s ]
SQL: SELECT * FROM `student` ORDER BY `id` desc LIMIT 5   [ RunTime:0.0010s ]
SQL: SELECT * FROM `student` WHERE ( num=2 ) LIMIT 2   [ RunTime:0.0000s ]
INFO: [ app_end ] --START--
INFO: Run Behavior\ShowPageTraceBehavior [ RunTime:0.002000s ]
INFO: [ app_end ] --END-- [ RunTime:0.002000s ]

[ 2018-06-08T14:35:05+08:00 ] ::1 /thinkphp/index.php/Home/index/select
INFO: [ app_init ] --START--
INFO: Run Behavior\BuildLiteBehavior [ RunTime:0.000000s ]
INFO: [ app_init ] --END-- [ RunTime:0.001000s ]
INFO: [ app_begin ] --START--
INFO: Run Behavior\ReadHtmlCacheBehavior [ RunTime:0.001001s ]
INFO: [ app_begin ] --END-- [ RunTime:0.001001s ]
SQL: SHOW COLUMNS FROM `student` [ RunTime:0.0070s ]
SQL: SELECT * FROM `student` WHERE ( id=132 ) LIMIT 1   [ RunTime:0.0010s ]
SQL: SELECT * FROM `student` ORDER BY `id` desc LIMIT 5   [ RunTime:0.0010s ]
SQL: SELECT * FROM `student` WHERE ( num=2 ) LIMIT 2   [ RunTime:0.0010s ]
INFO: [ app_end ] --START--
INFO: Run Behavior\ShowPageTraceBehavior [ RunTime:0.001000s ]
INFO: [ app_end ] --END-- [ RunTime:0.002000s ]

[ 2018-06-08T14:35:38+08:00 ] ::1 /thinkphp/index.php/Home/index/select
INFO: [ app_init ] --START--
INFO: Run Behavior\BuildLiteBehavior [ RunTime:0.000000s ]
INFO: [ app_init ] --END-- [ RunTime:0.001000s ]
INFO: [ app_begin ] --START--
INFO: Run Behavior\ReadHtmlCacheBehavior [ RunTime:0.001000s ]
INFO: [ app_begin ] --END-- [ RunTime:0.002000s ]
SQL: SHOW COLUMNS FROM `student` [ RunTime:0.0060s ]
SQL: SELECT * FROM `student` WHERE ( id=132 ) LIMIT 1   [ RunTime:0.0010s ]
SQL: SELECT * FROM `student` ORDER BY `id` desc LIMIT 5   [ RunTime:0.0010s ]
SQL: SELECT * FROM `student` WHERE ( num=2 ) LIMIT 2   [ RunTime:0.0010s ]
INFO: [ app_end ] --START--
INFO: Run Behavior\ShowPageTraceBehavior [ RunTime:0.002001s ]
INFO: [ app_end ] --END-- [ RunTime:0.002001s ]

[ 2018-06-08T14:36:08+08:00 ] ::1 /thinkphp/index.php/Home/index/select
INFO: [ app_init ] --START--
INFO: Run Behavior\BuildLiteBehavior [ RunTime:0.000000s ]
INFO: [ app_init ] --END-- [ RunTime:0.001000s ]
INFO: [ app_begin ] --START--
INFO: Run Behavior\ReadHtmlCacheBehavior [ RunTime:0.001000s ]
INFO: [ app_begin ] --END-- [ RunTime:0.001000s ]
SQL: SHOW COLUMNS FROM `student` [ RunTime:0.0060s ]
SQL: SELECT * FROM `student` WHERE ( id=132 ) LIMIT 1   [ RunTime:0.0010s ]
SQL: SELECT * FROM `student` ORDER BY `id` desc LIMIT 5   [ RunTime:0.0000s ]
SQL: SELECT * FROM `student` WHERE ( num=2 ) LIMIT 2   [ RunTime:0.0000s ]
INFO: [ app_end ] --START--
INFO: Run Behavior\ShowPageTraceBehavior [ RunTime:0.001000s ]
INFO: [ app_end ] --END-- [ RunTime:0.001000s ]

[ 2018-06-08T14:37:44+08:00 ] ::1 /thinkphp/index.php/Home/index/select
INFO: [ app_init ] --START--
INFO: Run Behavior\BuildLiteBehavior [ RunTime:0.000000s ]
INFO: [ app_init ] --END-- [ RunTime:0.001001s ]
INFO: [ app_begin ] --START--
INFO: Run Behavior\ReadHtmlCacheBehavior [ RunTime:0.001000s ]
INFO: [ app_begin ] --END-- [ RunTime:0.001000s ]
SQL: SHOW COLUMNS FROM `student` [ RunTime:0.0070s ]
SQL: SELECT * FROM `student` WHERE ( id=132 ) LIMIT 1   [ RunTime:0.0010s ]
SQL: SELECT * FROM `student` ORDER BY `id` desc LIMIT 5   [ RunTime:0.0010s ]
SQL: SELECT * FROM `student` WHERE ( num=2 ) LIMIT 2   [ RunTime:0.0010s ]
INFO: [ app_end ] --START--
INFO: Run Behavior\ShowPageTraceBehavior [ RunTime:0.001000s ]
INFO: [ app_end ] --END-- [ RunTime:0.002000s ]

[ 2018-06-08T14:37:54+08:00 ] ::1 /thinkphp/index.php/Home/index/select
INFO: [ app_init ] --START--
INFO: Run Behavior\BuildLiteBehavior [ RunTime:0.000000s ]
INFO: [ app_init ] --END-- [ RunTime:0.001000s ]
INFO: [ app_begin ] --START--
INFO: Run Behavior\ReadHtmlCacheBehavior [ RunTime:0.001000s ]
INFO: [ app_begin ] --END-- [ RunTime:0.001000s ]
SQL: SHOW COLUMNS FROM `student` [ RunTime:0.0060s ]
SQL: SELECT * FROM `student` WHERE ( id=132 ) LIMIT 1   [ RunTime:0.0010s ]
SQL: SELECT * FROM `student` ORDER BY `id` desc LIMIT 5   [ RunTime:0.0000s ]
SQL: SELECT * FROM `student` WHERE ( num=2 ) LIMIT 2   [ RunTime:0.0010s ]
INFO: [ app_end ] --START--
INFO: Run Behavior\ShowPageTraceBehavior [ RunTime:0.002000s ]
INFO: [ app_end ] --END-- [ RunTime:0.002000s ]

[ 2018-06-08T14:39:20+08:00 ] ::1 /thinkphp/index.php/Home/index/select
INFO: [ app_init ] --START--
INFO: Run Behavior\BuildLiteBehavior [ RunTime:0.000000s ]
INFO: [ app_init ] --END-- [ RunTime:0.001000s ]
INFO: [ app_begin ] --START--
INFO: Run Behavior\ReadHtmlCacheBehavior [ RunTime:0.001000s ]
INFO: [ app_begin ] --END-- [ RunTime:0.001000s ]
SQL: SHOW COLUMNS FROM `student` [ RunTime:0.0060s ]
SQL: SELECT * FROM `student` WHERE ( id=132 ) LIMIT 1   [ RunTime:0.0010s ]
SQL: SELECT * FROM `student` ORDER BY `id` desc LIMIT 5   [ RunTime:0.0010s ]
SQL: SELECT * FROM `student` WHERE ( num=2 ) LIMIT 2   [ RunTime:0.0010s ]
INFO: [ app_end ] --START--
INFO: Run Behavior\ShowPageTraceBehavior [ RunTime:0.001001s ]
INFO: [ app_end ] --END-- [ RunTime:0.001001s ]

[ 2018-06-08T14:39:21+08:00 ] ::1 /thinkphp/index.php/Home/index/select
INFO: [ app_init ] --START--
INFO: Run Behavior\BuildLiteBehavior [ RunTime:0.000000s ]
INFO: [ app_init ] --END-- [ RunTime:0.001000s ]
INFO: [ app_begin ] --START--
INFO: Run Behavior\ReadHtmlCacheBehavior [ RunTime:0.001001s ]
INFO: [ app_begin ] --END-- [ RunTime:0.002001s ]
SQL: SHOW COLUMNS FROM `student` [ RunTime:0.0060s ]
SQL: SELECT * FROM `student` WHERE ( id=132 ) LIMIT 1   [ RunTime:0.0010s ]
SQL: SELECT * FROM `student` ORDER BY `id` desc LIMIT 5   [ RunTime:0.0010s ]
SQL: SELECT * FROM `student` WHERE ( num=2 ) LIMIT 2   [ RunTime:0.0010s ]
INFO: [ app_end ] --START--
INFO: Run Behavior\ShowPageTraceBehavior [ RunTime:0.001000s ]
INFO: [ app_end ] --END-- [ RunTime:0.002000s ]

[ 2018-06-08T14:39:28+08:00 ] ::1 /thinkphp/index.php/Home/index/select
INFO: [ app_init ] --START--
INFO: Run Behavior\BuildLiteBehavior [ RunTime:0.000000s ]
INFO: [ app_init ] --END-- [ RunTime:0.001001s ]
INFO: [ app_begin ] --START--
INFO: Run Behavior\ReadHtmlCacheBehavior [ RunTime:0.001000s ]
INFO: [ app_begin ] --END-- [ RunTime:0.001000s ]
SQL: SHOW COLUMNS FROM `student` [ RunTime:0.0060s ]
SQL: SELECT * FROM `student` WHERE ( id=132 ) LIMIT 1   [ RunTime:0.0010s ]
SQL: SELECT * FROM `student` ORDER BY `id` desc LIMIT 5   [ RunTime:0.0000s ]
SQL: SELECT * FROM `student` WHERE ( num=2 ) LIMIT 2   [ RunTime:0.0010s ]
INFO: [ app_end ] --START--
INFO: Run Behavior\ShowPageTraceBehavior [ RunTime:0.001000s ]
INFO: [ app_end ] --END-- [ RunTime:0.001000s ]

[ 2018-06-08T14:39:28+08:00 ] ::1 /thinkphp/index.php/Home/index/select
INFO: [ app_init ] --START--
INFO: Run Behavior\BuildLiteBehavior [ RunTime:0.000000s ]
INFO: [ app_init ] --END-- [ RunTime:0.001000s ]
INFO: [ app_begin ] --START--
INFO: Run Behavior\ReadHtmlCacheBehavior [ RunTime:0.001000s ]
INFO: [ app_begin ] --END-- [ RunTime:0.001000s ]
SQL: SHOW COLUMNS FROM `student` [ RunTime:0.0060s ]
SQL: SELECT * FROM `student` WHERE ( id=132 ) LIMIT 1   [ RunTime:0.0000s ]
SQL: SELECT * FROM `student` ORDER BY `id` desc LIMIT 5   [ RunTime:0.0010s ]
SQL: SELECT * FROM `student` WHERE ( num=2 ) LIMIT 2   [ RunTime:0.0010s ]
INFO: [ app_end ] --START--
INFO: Run Behavior\ShowPageTraceBehavior [ RunTime:0.002000s ]
INFO: [ app_end ] --END-- [ RunTime:0.002000s ]

[ 2018-06-08T14:39:28+08:00 ] ::1 /thinkphp/index.php/Home/index/select
INFO: [ app_init ] --START--
INFO: Run Behavior\BuildLiteBehavior [ RunTime:0.001000s ]
INFO: [ app_init ] --END-- [ RunTime:0.001000s ]
INFO: [ app_begin ] --START--
INFO: Run Behavior\ReadHtmlCacheBehavior [ RunTime:0.001000s ]
INFO: [ app_begin ] --END-- [ RunTime:0.002000s ]
SQL: SHOW COLUMNS FROM `student` [ RunTime:0.0060s ]
SQL: SELECT * FROM `student` WHERE ( id=132 ) LIMIT 1   [ RunTime:0.0010s ]
SQL: SELECT * FROM `student` ORDER BY `id` desc LIMIT 5   [ RunTime:0.0010s ]
SQL: SELECT * FROM `student` WHERE ( num=2 ) LIMIT 2   [ RunTime:0.0010s ]
INFO: [ app_end ] --START--
INFO: Run Behavior\ShowPageTraceBehavior [ RunTime:0.001000s ]
INFO: [ app_end ] --END-- [ RunTime:0.002000s ]

[ 2018-06-08T14:39:34+08:00 ] ::1 /thinkphp/index.php/Home/index/select
INFO: [ app_init ] --START--
INFO: Run Behavior\BuildLiteBehavior [ RunTime:0.000000s ]
INFO: [ app_init ] --END-- [ RunTime:0.001000s ]
INFO: [ app_begin ] --START--
INFO: Run Behavior\ReadHtmlCacheBehavior [ RunTime:0.002001s ]
INFO: [ app_begin ] --END-- [ RunTime:0.002001s ]
SQL: SHOW COLUMNS FROM `student` [ RunTime:0.0070s ]
SQL: SELECT * FROM `student` WHERE ( id=132 ) LIMIT 1   [ RunTime:0.0010s ]
SQL: SELECT * FROM `student` ORDER BY `id` desc LIMIT 5   [ RunTime:0.0000s ]
SQL: SELECT * FROM `student` WHERE ( num=2 ) LIMIT 2   [ RunTime:0.0010s ]
INFO: [ app_end ] --START--
INFO: Run Behavior\ShowPageTraceBehavior [ RunTime:0.001000s ]
INFO: [ app_end ] --END-- [ RunTime:0.002000s ]

[ 2018-06-08T16:22:22+08:00 ] ::1 /thinkphp/index.php/Home/index/select
INFO: [ app_init ] --START--
INFO: Run Behavior\BuildLiteBehavior [ RunTime:0.000000s ]
INFO: [ app_init ] --END-- [ RunTime:0.001000s ]
INFO: [ app_begin ] --START--
INFO: Run Behavior\ReadHtmlCacheBehavior [ RunTime:0.002000s ]
INFO: [ app_begin ] --END-- [ RunTime:0.002000s ]
SQL: SHOW COLUMNS FROM `student` [ RunTime:0.0060s ]
SQL: SELECT * FROM `student` WHERE ( id=132 ) LIMIT 1   [ RunTime:0.0010s ]
SQL: SELECT * FROM `student` ORDER BY `id` desc LIMIT 5   [ RunTime:0.0010s ]
SQL: SELECT * FROM `student` WHERE ( num=2 ) LIMIT 2   [ RunTime:0.0010s ]
INFO: [ app_end ] --START--
INFO: Run Behavior\ShowPageTraceBehavior [ RunTime:0.001000s ]
INFO: [ app_end ] --END-- [ RunTime:0.002001s ]

[ 2018-06-08T16:33:12+08:00 ] ::1 /thinkphp/index.php/Home/index/select
INFO: [ app_init ] --START--
INFO: Run Behavior\BuildLiteBehavior [ RunTime:0.000000s ]
INFO: [ app_init ] --END-- [ RunTime:0.001000s ]
INFO: [ app_begin ] --START--
INFO: Run Behavior\ReadHtmlCacheBehavior [ RunTime:0.001000s ]
INFO: [ app_begin ] --END-- [ RunTime:0.001000s ]
SQL: SHOW COLUMNS FROM `student` [ RunTime:0.0080s ]
SQL: SELECT * FROM `student` WHERE ( id=132 ) LIMIT 1   [ RunTime:0.0010s ]
SQL: SELECT * FROM `student` ORDER BY `id` desc LIMIT 5   [ RunTime:0.0010s ]
SQL: SELECT * FROM `student` WHERE ( num=2 ) LIMIT 2   [ RunTime:0.0010s ]
INFO: [ app_end ] --START--
INFO: Run Behavior\ShowPageTraceBehavior [ RunTime:0.001000s ]
INFO: [ app_end ] --END-- [ RunTime:0.001000s ]

[ 2018-06-08T16:33:13+08:00 ] ::1 /thinkphp/index.php/Home/index/select
INFO: [ app_init ] --START--
INFO: Run Behavior\BuildLiteBehavior [ RunTime:0.000000s ]
INFO: [ app_init ] --END-- [ RunTime:0.001000s ]
INFO: [ app_begin ] --START--
INFO: Run Behavior\ReadHtmlCacheBehavior [ RunTime:0.001000s ]
INFO: [ app_begin ] --END-- [ RunTime:0.002000s ]
SQL: SHOW COLUMNS FROM `student` [ RunTime:0.0070s ]
SQL: SELECT * FROM `student` WHERE ( id=132 ) LIMIT 1   [ RunTime:0.0010s ]
SQL: SELECT * FROM `student` ORDER BY `id` desc LIMIT 5   [ RunTime:0.0000s ]
SQL: SELECT * FROM `student` WHERE ( num=2 ) LIMIT 2   [ RunTime:0.0000s ]
INFO: [ app_end ] --START--
INFO: Run Behavior\ShowPageTraceBehavior [ RunTime:0.001000s ]
INFO: [ app_end ] --END-- [ RunTime:0.001000s ]

[ 2018-06-08T16:33:13+08:00 ] ::1 /thinkphp/index.php/Home/index/select
INFO: [ app_init ] --START--
INFO: Run Behavior\BuildLiteBehavior [ RunTime:0.000000s ]
INFO: [ app_init ] --END-- [ RunTime:0.001000s ]
INFO: [ app_begin ] --START--
INFO: Run Behavior\ReadHtmlCacheBehavior [ RunTime:0.001000s ]
INFO: [ app_begin ] --END-- [ RunTime:0.002000s ]
SQL: SHOW COLUMNS FROM `student` [ RunTime:0.0070s ]
SQL: SELECT * FROM `student` WHERE ( id=132 ) LIMIT 1   [ RunTime:0.0000s ]
SQL: SELECT * FROM `student` ORDER BY `id` desc LIMIT 5   [ RunTime:0.0010s ]
SQL: SELECT * FROM `student` WHERE ( num=2 ) LIMIT 2   [ RunTime:0.0000s ]
INFO: [ app_end ] --START--
INFO: Run Behavior\ShowPageTraceBehavior [ RunTime:0.001000s ]
INFO: [ app_end ] --END-- [ RunTime:0.001000s ]

