[ 2018-06-01T09:45:01+08:00 ] ::1 /thinkphp/index.php/Home/Index/__DIR__/Uploads/2018-06-01/5b109e85ef863.jpg
INFO: [ app_init ] --START--
INFO: Run Behavior\BuildLiteBehavior [ RunTime:0.000000s ]
INFO: [ app_init ] --END-- [ RunTime:0.001000s ]

[ 2018-06-01T09:45:11+08:00 ] ::1 /thinkphp/index.php/Home/Index/__DIR__/Uploads/2018-06-01/5b109e85ef863.jpg
INFO: [ app_init ] --START--
INFO: Run Behavior\BuildLiteBehavior [ RunTime:0.000000s ]
INFO: [ app_init ] --END-- [ RunTime:0.002000s ]

[ 2018-06-01T09:56:37+08:00 ] ::1 /thinkphp/index.php/Home/index/__DIR__/Uploads/2018-06-01/5b10a3a43.jpg
INFO: [ app_init ] --START--
INFO: Run Behavior\BuildLiteBehavior [ RunTime:0.000000s ]
INFO: [ app_init ] --END-- [ RunTime:0.001000s ]

[ 2018-06-01T09:56:40+08:00 ] ::1 /thinkphp/index.php/Home/index/__DIR__/Uploads/2018-06-01/5b10a3a43.jpg
INFO: [ app_init ] --START--
INFO: Run Behavior\BuildLiteBehavior [ RunTime:0.000000s ]
INFO: [ app_init ] --END-- [ RunTime:0.002000s ]

[ 2018-06-01T10:10:29+08:00 ] ::1 /thinkphp/index.php/Home/Index/page/p/uploads/2018-06-01/5b109e85ef863.jpg
INFO: [ app_init ] --START--
INFO: Run Behavior\BuildLiteBehavior [ RunTime:0.000000s ]
INFO: [ app_init ] --END-- [ RunTime:0.003001s ]

[ 2018-06-01T10:10:42+08:00 ] ::1 /thinkphp/index.php/Home/Index/page/p/uploads/2018-06-01/5b109e85ef863.jpg
INFO: [ app_init ] --START--
INFO: Run Behavior\BuildLiteBehavior [ RunTime:0.000000s ]
INFO: [ app_init ] --END-- [ RunTime:0.001000s ]

[ 2018-06-01T10:11:01+08:00 ] ::1 /thinkphp/index.php/Home/Index/page/p/__UPLOADS__/2018-06-01/5b109e85ef863.jpg
INFO: [ app_init ] --START--
INFO: Run Behavior\BuildLiteBehavior [ RunTime:0.000000s ]
INFO: [ app_init ] --END-- [ RunTime:0.001000s ]

[ 2018-06-01T10:11:06+08:00 ] ::1 /thinkphp/index.php/Home/Index/page/p/__UPLOADS__/2018-06-01/5b109e85ef863.jpg
INFO: [ app_init ] --START--
INFO: Run Behavior\BuildLiteBehavior [ RunTime:0.000000s ]
INFO: [ app_init ] --END-- [ RunTime:0.001000s ]

[ 2018-06-01T10:11:15+08:00 ] ::1 /thinkphp/index.php/Home/Index/page/p/__Uploads__/2018-06-01/5b109e85ef863.jpg
INFO: [ app_init ] --START--
INFO: Run Behavior\BuildLiteBehavior [ RunTime:0.001000s ]
INFO: [ app_init ] --END-- [ RunTime:0.001000s ]

